Determining if files xintc.h exist failed with the following output:
Change Dir: /home/austin/Documents/TSC/bare_metal_vitis_ws/ArtyZ7/ps7_cortexa9_0/standalone_domain/bsp/ps7_cortexa9_0/libsrc/libmetal_v2_1/build_libmetal/CMakeFiles/CMakeTmp

Run Build Command:"/usr/bin/make" "cmTC_765b5/fast"
/usr/bin/make -f CMakeFiles/cmTC_765b5.dir/build.make CMakeFiles/cmTC_765b5.dir/build
make[1]: Entering directory '/home/austin/Documents/TSC/bare_metal_vitis_ws/ArtyZ7/ps7_cortexa9_0/standalone_domain/bsp/ps7_cortexa9_0/libsrc/libmetal_v2_1/build_libmetal/CMakeFiles/CMakeTmp'
Building C object CMakeFiles/cmTC_765b5.dir/CheckIncludeFiles.c.obj
/home/austin/Applications/Xilinx/Vitis/2020.2/gnu/aarch32/lin/gcc-arm-none-eabi/bin/arm-none-eabi-gcc   -O2 -c -mcpu=cortex-a9 -mfpu=vfpv3 -mfloat-abi=hard -nostartfiles -g -Wall -Wextra -I/home/austin/Documents/TSC/bare_metal_vitis_ws/ArtyZ7/ps7_cortexa9_0/standalone_domain/bsp/ps7_cortexa9_0/include    -o CMakeFiles/cmTC_765b5.dir/CheckIncludeFiles.c.obj   -c /home/austin/Documents/TSC/bare_metal_vitis_ws/ArtyZ7/ps7_cortexa9_0/standalone_domain/bsp/ps7_cortexa9_0/libsrc/libmetal_v2_1/build_libmetal/CMakeFiles/CMakeTmp/CheckIncludeFiles.c
/home/austin/Documents/TSC/bare_metal_vitis_ws/ArtyZ7/ps7_cortexa9_0/standalone_domain/bsp/ps7_cortexa9_0/libsrc/libmetal_v2_1/build_libmetal/CMakeFiles/CMakeTmp/CheckIncludeFiles.c:2:10: fatal error: xintc.h: No such file or directory
    2 | #include <xintc.h>
      |          ^~~~~~~~~
compilation terminated.
CMakeFiles/cmTC_765b5.dir/build.make:65: recipe for target 'CMakeFiles/cmTC_765b5.dir/CheckIncludeFiles.c.obj' failed
make[1]: Leaving directory '/home/austin/Documents/TSC/bare_metal_vitis_ws/ArtyZ7/ps7_cortexa9_0/standalone_domain/bsp/ps7_cortexa9_0/libsrc/libmetal_v2_1/build_libmetal/CMakeFiles/CMakeTmp'
make[1]: *** [CMakeFiles/cmTC_765b5.dir/CheckIncludeFiles.c.obj] Error 1
Makefile:126: recipe for target 'cmTC_765b5/fast' failed
make: *** [cmTC_765b5/fast] Error 2

Source:
/* */
#include <xintc.h>


int main(void){return 0;}

